#
# There is insufficient memory for the Java Runtime Environment to continue.
# Native memory allocation (mmap) failed to map 138936320 bytes for committing reserved memory.
# Possible reasons:
#   The system is out of physical RAM or swap space
#   In 32 bit mode, the process size limit was hit
# Possible solutions:
#   Reduce memory load on the system
#   Increase physical memory or swap space
#   Check if swap backing store is full
#   Use 64 bit Java on a 64 bit OS
#   Decrease Java heap size (-Xmx/-Xms)
#   Decrease number of Java threads
#   Decrease Java thread stack sizes (-Xss)
#   Set larger code cache with -XX:ReservedCodeCacheSize=
# This output file may be truncated or incomplete.
#
#  Out of Memory Error (os_linux.cpp:2643), pid=22005, tid=0x00007ff364d49700
#
# JRE version: OpenJDK Runtime Environment (8.0_162-b12) (build 1.8.0_162-8u162-b12-0ubuntu0.17.10.2-b12)
# Java VM: OpenJDK 64-Bit Server VM (25.162-b12 mixed mode linux-amd64 compressed oops)
# Failed to write core dump. Core dumps have been disabled. To enable core dumping, try "ulimit -c unlimited" before starting Java again
#

---------------  T H R E A D  ---------------

Current thread (0x00007ff378079000):  VMThread [stack: 0x00007ff364c49000,0x00007ff364d4a000] [id=22018]

Stack: [0x00007ff364c49000,0x00007ff364d4a000],  sp=0x00007ff364d48490,  free space=1021k
Native frames: (J=compiled Java code, j=interpreted, Vv=VM code, C=native code)
V  [libjvm.so+0xaaa652]
V  [libjvm.so+0x4d7b27]
V  [libjvm.so+0x8e5c30]
V  [libjvm.so+0x8e018e]
V  [libjvm.so+0x9609a6]
V  [libjvm.so+0x961d18]
V  [libjvm.so+0x95e316]
V  [libjvm.so+0x95e6ac]
V  [libjvm.so+0x90cee8]
V  [libjvm.so+0xaac312]
V  [libjvm.so+0xab0ef6]
V  [libjvm.so+0xaaf195]
V  [libjvm.so+0xaafb0d]
V  [libjvm.so+0xaafee7]
V  [libjvm.so+0x8e3082]

VM_Operation (0x00007ff381d627c0): ParallelGCFailedAllocation, mode: safepoint, requested by thread 0x00007ff37800b800


---------------  P R O C E S S  ---------------

Java Threads: ( => current thread )
  0x00007ff3780dc000 JavaThread "Service Thread" daemon [_thread_blocked, id=22025, stack(0x00007ff364265000,0x00007ff364366000)]
  0x00007ff3780b4800 JavaThread "C1 CompilerThread2" daemon [_thread_blocked, id=22024, stack(0x00007ff364366000,0x00007ff364467000)]
  0x00007ff3780b3000 JavaThread "C2 CompilerThread1" daemon [_thread_blocked, id=22023, stack(0x00007ff364467000,0x00007ff364568000)]
  0x00007ff3780b0000 JavaThread "C2 CompilerThread0" daemon [_thread_blocked, id=22022, stack(0x00007ff364568000,0x00007ff364669000)]
  0x00007ff3780ae000 JavaThread "Signal Dispatcher" daemon [_thread_blocked, id=22021, stack(0x00007ff364669000,0x00007ff36476a000)]
  0x00007ff378085800 JavaThread "Finalizer" daemon [_thread_blocked, id=22020, stack(0x00007ff364a47000,0x00007ff364b48000)]
  0x00007ff378081000 JavaThread "Reference Handler" daemon [_thread_blocked, id=22019, stack(0x00007ff364b48000,0x00007ff364c49000)]
  0x00007ff37800b800 JavaThread "main" [_thread_blocked, id=22012, stack(0x00007ff381c63000,0x00007ff381d64000)]

Other Threads:
=>0x00007ff378079000 VMThread [stack: 0x00007ff364c49000,0x00007ff364d4a000] [id=22018]
  0x00007ff3780ee800 WatcherThread [stack: 0x00007ff364164000,0x00007ff364265000] [id=22026]

VM state:at safepoint (normal execution)

VM Mutex/Monitor currently owned by a thread:  ([mutex/lock_event])
[0x00007ff378007fe0] Threads_lock - owner thread: 0x00007ff378079000
[0x00007ff3780084e0] Heap_lock - owner thread: 0x00007ff37800b800

Heap:
 PSYoungGen      total 280576K, used 41956K [0x00000000d7900000, 0x00000000ebf00000, 0x0000000100000000)
  eden space 238592K, 0% used [0x00000000d7900000,0x00000000d7900000,0x00000000e6200000)
  from space 41984K, 99% used [0x00000000e6200000,0x00000000e8af92f0,0x00000000e8b00000)
  to   space 30720K, 0% used [0x00000000e8b00000,0x00000000e8b00000,0x00000000ea900000)
 ParOldGen       total 151552K, used 99003K [0x0000000086a00000, 0x000000008fe00000, 0x00000000d7900000)
  object space 151552K, 65% used [0x0000000086a00000,0x000000008caaecd0,0x000000008fe00000)
 Metaspace       used 2715K, capacity 4562K, committed 4864K, reserved 1056768K
  class space    used 282K, capacity 386K, committed 512K, reserved 1048576K

Card table byte_map: [0x00007ff37de9b000,0x00007ff37e267000] byte_map_base: 0x00007ff37da66000

Marking Bits: (ParMarkBitMap*) 0x00007ff380f0d120
 Begin Bits: [0x00007ff365350000, 0x00007ff3671a8000)
 End Bits:   [0x00007ff3671a8000, 0x00007ff369000000)

Polling page: 0x00007ff381d7d000

CodeCache: size=245760Kb used=1202Kb max_used=1214Kb free=244557Kb
 bounds [0x00007ff369000000, 0x00007ff369270000, 0x00007ff378000000]
 total_blobs=309 nmethods=69 adapters=156
 compilation: enabled

Compilation events (10 events):
Event: 3,193 Thread 0x00007ff3780b3000   65       4       classes.Adaline::treinarAdaline (46 bytes)
Event: 3,196 Thread 0x00007ff3780b0000   66       4       classes.Adaline::calcularErroQuadratico (80 bytes)
Event: 3,218 Thread 0x00007ff3780b0000 nmethod 66 0x00007ff369123dd0 code [0x00007ff369123f60, 0x00007ff369124338]
Event: 3,308 Thread 0x00007ff3780b3000 nmethod 65 0x00007ff36912cd90 code [0x00007ff36912d060, 0x00007ff36912e208]
Event: 4,817 Thread 0x00007ff3780b4800   67 %     3       classes.Adaline::main @ 62 (93 bytes)
Event: 4,819 Thread 0x00007ff3780b4800 nmethod 67% 0x00007ff36912b050 code [0x00007ff36912b340, 0x00007ff36912c618]
Event: 4,856 Thread 0x00007ff3780b4800   68       3       classes.Adaline::main (93 bytes)
Event: 4,857 Thread 0x00007ff3780b4800 nmethod 68 0x00007ff369125a90 code [0x00007ff369125d80, 0x00007ff369126fd8]
Event: 7,897 Thread 0x00007ff3780b0000   69 %     4       classes.Adaline::main @ 62 (93 bytes)
Event: 7,962 Thread 0x00007ff3780b0000 nmethod 69% 0x00007ff369123a10 code [0x00007ff369123b80, 0x00007ff369123c88]

GC Heap History (10 events):
Event: 4,060 GC heap after
Heap after GC invocations=3 (full 0):
 PSYoungGen      total 67584K, used 5117K [0x00000000d7900000, 0x00000000dfd00000, 0x0000000100000000)
  eden space 62464K, 0% used [0x00000000d7900000,0x00000000d7900000,0x00000000db600000)
  from space 5120K, 99% used [0x00000000db600000,0x00000000dbaff568,0x00000000dbb00000)
  to   space 5120K, 0% used [0x00000000df800000,0x00000000df800000,0x00000000dfd00000)
 ParOldGen       total 83456K, used 17552K [0x0000000086a00000, 0x000000008bb80000, 0x00000000d7900000)
  object space 83456K, 21% used [0x0000000086a00000,0x0000000087b24000,0x000000008bb80000)
 Metaspace       used 2708K, capacity 4498K, committed 4864K, reserved 1056768K
  class space    used 282K, capacity 386K, committed 512K, reserved 1048576K
}
Event: 4,259 GC heap before
{Heap before GC invocations=4 (full 0):
 PSYoungGen      total 67584K, used 67581K [0x00000000d7900000, 0x00000000dfd00000, 0x0000000100000000)
  eden space 62464K, 100% used [0x00000000d7900000,0x00000000db600000,0x00000000db600000)
  from space 5120K, 99% used [0x00000000db600000,0x00000000dbaff568,0x00000000dbb00000)
  to   space 5120K, 0% used [0x00000000df800000,0x00000000df800000,0x00000000dfd00000)
 ParOldGen       total 83456K, used 17552K [0x0000000086a00000, 0x000000008bb80000, 0x00000000d7900000)
  object space 83456K, 21% used [0x0000000086a00000,0x0000000087b24000,0x000000008bb80000)
 Metaspace       used 2708K, capacity 4498K, committed 4864K, reserved 1056768K
  class space    used 282K, capacity 386K, committed 512K, reserved 1048576K
Event: 4,336 GC heap after
Heap after GC invocations=4 (full 0):
 PSYoungGen      total 130048K, used 5116K [0x00000000d7900000, 0x00000000dfd00000, 0x0000000100000000)
  eden space 124928K, 0% used [0x00000000d7900000,0x00000000d7900000,0x00000000df300000)
  from space 5120K, 99% used [0x00000000df800000,0x00000000dfcff020,0x00000000dfd00000)
  to   space 5120K, 0% used [0x00000000df300000,0x00000000df300000,0x00000000df800000)
 ParOldGen       total 83456K, used 28664K [0x0000000086a00000, 0x000000008bb80000, 0x00000000d7900000)
  object space 83456K, 34% used [0x0000000086a00000,0x00000000885fe000,0x000000008bb80000)
 Metaspace       used 2708K, capacity 4498K, committed 4864K, reserved 1056768K
  class space    used 282K, capacity 386K, committed 512K, reserved 1048576K
}
Event: 4,637 GC heap before
{Heap before GC invocations=5 (full 0):
 PSYoungGen      total 130048K, used 130044K [0x00000000d7900000, 0x00000000dfd00000, 0x0000000100000000)
  eden space 124928K, 100% used [0x00000000d7900000,0x00000000df300000,0x00000000df300000)
  from space 5120K, 99% used [0x00000000df800000,0x00000000dfcff020,0x00000000dfd00000)
  to   space 5120K, 0% used [0x00000000df300000,0x00000000df300000,0x00000000df800000)
 ParOldGen       total 83456K, used 28664K [0x0000000086a00000, 0x000000008bb80000, 0x00000000d7900000)
  object space 83456K, 34% used [0x0000000086a00000,0x00000000885fe000,0x000000008bb80000)
 Metaspace       used 2708K, capacity 4498K, committed 4864K, reserved 1056768K
  class space    used 282K, capacity 386K, committed 512K, reserved 1048576K
Event: 4,785 GC heap after
Heap after GC invocations=5 (full 0):
 PSYoungGen      total 130048K, used 5104K [0x00000000d7900000, 0x00000000ea900000, 0x0000000100000000)
  eden space 124928K, 0% used [0x00000000d7900000,0x00000000d7900000,0x00000000df300000)
  from space 5120K, 99% used [0x00000000df300000,0x00000000df7fc010,0x00000000df800000)
  to   space 30720K, 0% used [0x00000000e8b00000,0x00000000e8b00000,0x00000000ea900000)
 ParOldGen       total 83456K, used 52539K [0x0000000086a00000, 0x000000008bb80000, 0x00000000d7900000)
  object space 83456K, 62% used [0x0000000086a00000,0x0000000089d4ec08,0x000000008bb80000)
 Metaspace       used 2708K, capacity 4498K, committed 4864K, reserved 1056768K
  class space    used 282K, capacity 386K, committed 512K, reserved 1048576K
}
Event: 5,185 GC heap before
{Heap before GC invocations=6 (full 0):
 PSYoungGen      total 130048K, used 130032K [0x00000000d7900000, 0x00000000ea900000, 0x0000000100000000)
  eden space 124928K, 100% used [0x00000000d7900000,0x00000000df300000,0x00000000df300000)
  from space 5120K, 99% used [0x00000000df300000,0x00000000df7fc010,0x00000000df800000)
  to   space 30720K, 0% used [0x00000000e8b00000,0x00000000e8b00000,0x00000000ea900000)
 ParOldGen       total 83456K, used 52539K [0x0000000086a00000, 0x000000008bb80000, 0x00000000d7900000)
  object space 83456K, 62% used [0x0000000086a00000,0x0000000089d4ec08,0x000000008bb80000)
 Metaspace       used 2715K, capacity 4562K, committed 4864K, reserved 1056768K
  class space    used 282K, capacity 386K, committed 512K, reserved 1048576K
Event: 5,421 GC heap after
Heap after GC invocations=6 (full 0):
 PSYoungGen      total 269312K, used 30696K [0x00000000d7900000, 0x00000000ebf00000, 0x0000000100000000)
  eden space 238592K, 0% used [0x00000000d7900000,0x00000000d7900000,0x00000000e6200000)
  from space 30720K, 99% used [0x00000000e8b00000,0x00000000ea8fa210,0x00000000ea900000)
  to   space 41984K, 0% used [0x00000000e6200000,0x00000000e6200000,0x00000000e8b00000)
 ParOldGen       total 83456K, used 61203K [0x0000000086a00000, 0x000000008bb80000, 0x00000000d7900000)
  object space 83456K, 73% used [0x0000000086a00000,0x000000008a5c4c08,0x000000008bb80000)
 Metaspace       used 2715K, capacity 4562K, committed 4864K, reserved 1056768K
  class space    used 282K, capacity 386K, committed 512K, reserved 1048576K
}
Event: 5,421 GC heap before
{Heap before GC invocations=7 (full 1):
 PSYoungGen      total 269312K, used 30696K [0x00000000d7900000, 0x00000000ebf00000, 0x0000000100000000)
  eden space 238592K, 0% used [0x00000000d7900000,0x00000000d7900000,0x00000000e6200000)
  from space 30720K, 99% used [0x00000000e8b00000,0x00000000ea8fa210,0x00000000ea900000)
  to   space 41984K, 0% used [0x00000000e6200000,0x00000000e6200000,0x00000000e8b00000)
 ParOldGen       total 83456K, used 61203K [0x0000000086a00000, 0x000000008bb80000, 0x00000000d7900000)
  object space 83456K, 73% used [0x0000000086a00000,0x000000008a5c4c08,0x000000008bb80000)
 Metaspace       used 2715K, capacity 4562K, committed 4864K, reserved 1056768K
  class space    used 282K, capacity 386K, committed 512K, reserved 1048576K
Event: 7,527 GC heap after
Heap after GC invocations=7 (full 1):
 PSYoungGen      total 269312K, used 0K [0x00000000d7900000, 0x00000000ebf00000, 0x0000000100000000)
  eden space 238592K, 0% used [0x00000000d7900000,0x00000000d7900000,0x00000000e6200000)
  from space 30720K, 0% used [0x00000000e8b00000,0x00000000e8b00000,0x00000000ea900000)
  to   space 41984K, 0% used [0x00000000e6200000,0x00000000e6200000,0x00000000e8b00000)
 ParOldGen       total 151552K, used 81059K [0x0000000086a00000, 0x000000008fe00000, 0x00000000d7900000)
  object space 151552K, 53% used [0x0000000086a00000,0x000000008b928cd0,0x000000008fe00000)
 Metaspace       used 2715K, capacity 4562K, committed 4864K, reserved 1056768K
  class space    used 282K, capacity 386K, committed 512K, reserved 1048576K
}
Event: 9,074 GC heap before
{Heap before GC invocations=8 (full 1):
 PSYoungGen      total 269312K, used 238592K [0x00000000d7900000, 0x00000000ebf00000, 0x0000000100000000)
  eden space 238592K, 100% used [0x00000000d7900000,0x00000000e6200000,0x00000000e6200000)
  from space 30720K, 0% used [0x00000000e8b00000,0x00000000e8b00000,0x00000000ea900000)
  to   space 41984K, 0% used [0x00000000e6200000,0x00000000e6200000,0x00000000e8b00000)
 ParOldGen       total 151552K, used 81059K [0x0000000086a00000, 0x000000008fe00000, 0x00000000d7900000)
  object space 151552K, 53% used [0x0000000086a00000,0x000000008b928cd0,0x000000008fe00000)
 Metaspace       used 2715K, capacity 4562K, committed 4864K, reserved 1056768K
  class space    used 282K, capacity 386K, committed 512K, reserved 1048576K

Deoptimization events (0 events):
No events

Classes redefined (0 events):
No events

Internal exceptions (2 events):
Event: 1,935 Thread 0x00007ff37800b800 Exception <a 'java/lang/NoSuchMethodError': Method sun.misc.Unsafe.defineClass(Ljava/lang/String;[BII)Ljava/lang/Class; name or signature does not match> (0x00000000d7907ca0) thrown at [/build/openjdk-8-tOoOp2/openjdk-8-8u162-b12/src/hotspot/src/share/vm/
Event: 1,949 Thread 0x00007ff37800b800 Exception <a 'java/lang/NoSuchMethodError': Method sun.misc.Unsafe.prefetchRead(Ljava/lang/Object;J)V name or signature does not match> (0x00000000d7907f88) thrown at [/build/openjdk-8-tOoOp2/openjdk-8-8u162-b12/src/hotspot/src/share/vm/prims/jni.cpp, lin

Events (10 events):
Event: 4,060 Executing VM operation: ParallelGCFailedAllocation done
Event: 4,259 Executing VM operation: ParallelGCFailedAllocation
Event: 4,337 Executing VM operation: ParallelGCFailedAllocation done
Event: 4,630 Executing VM operation: ParallelGCFailedAllocation
Event: 4,785 Executing VM operation: ParallelGCFailedAllocation done
Event: 5,185 Executing VM operation: ParallelGCFailedAllocation
Event: 7,538 Executing VM operation: ParallelGCFailedAllocation done
Event: 8,320 Thread 0x00007ff37800b800 DEOPT PACKING pc=0x00007ff36912c3d0 sp=0x00007ff381d628f0
Event: 8,344 Thread 0x00007ff37800b800 DEOPT UNPACKING pc=0x00007ff3690474c4 sp=0x00007ff381d626a0 mode 0
Event: 8,972 Executing VM operation: ParallelGCFailedAllocation


Dynamic libraries:
86a00000-8fe00000 rw-p 00000000 00:00 0 
8fe00000-d7900000 ---p 00000000 00:00 0 
d7900000-ebf00000 rw-p 00000000 00:00 0 
f4380000-100000000 ---p 00000000 00:00 0 
100000000-100080000 rw-p 00000000 00:00 0 
100080000-140000000 ---p 00000000 00:00 0 
561158ea4000-561158ea5000 r-xp 00000000 08:05 4602860                    /usr/lib/jvm/java-8-openjdk-amd64/jre/bin/java
5611590a4000-5611590a5000 r--p 00000000 08:05 4602860                    /usr/lib/jvm/java-8-openjdk-amd64/jre/bin/java
5611590a5000-5611590a6000 rw-p 00001000 08:05 4602860                    /usr/lib/jvm/java-8-openjdk-amd64/jre/bin/java
56115a185000-56115a1a6000 rw-p 00000000 00:00 0                          [heap]
7ff330000000-7ff330021000 rw-p 00000000 00:00 0 
7ff330021000-7ff334000000 ---p 00000000 00:00 0 
7ff334000000-7ff334021000 rw-p 00000000 00:00 0 
7ff334021000-7ff338000000 ---p 00000000 00:00 0 
7ff338000000-7ff338193000 rw-p 00000000 00:00 0 
7ff338193000-7ff33c000000 ---p 00000000 00:00 0 
7ff33c000000-7ff33c05a000 rw-p 00000000 00:00 0 
7ff33c05a000-7ff340000000 ---p 00000000 00:00 0 
7ff340000000-7ff340021000 rw-p 00000000 00:00 0 
7ff340021000-7ff344000000 ---p 00000000 00:00 0 
7ff344000000-7ff344124000 rw-p 00000000 00:00 0 
7ff344124000-7ff348000000 ---p 00000000 00:00 0 
7ff348000000-7ff348021000 rw-p 00000000 00:00 0 
7ff348021000-7ff34c000000 ---p 00000000 00:00 0 
7ff34c000000-7ff34c021000 rw-p 00000000 00:00 0 
7ff34c021000-7ff350000000 ---p 00000000 00:00 0 
7ff350000000-7ff350021000 rw-p 00000000 00:00 0 
7ff350021000-7ff354000000 ---p 00000000 00:00 0 
7ff354000000-7ff354021000 rw-p 00000000 00:00 0 
7ff354021000-7ff358000000 ---p 00000000 00:00 0 
7ff358000000-7ff3582cf000 rw-p 00000000 00:00 0 
7ff3582cf000-7ff35c000000 ---p 00000000 00:00 0 
7ff35c000000-7ff35c021000 rw-p 00000000 00:00 0 
7ff35c021000-7ff360000000 ---p 00000000 00:00 0 
7ff360000000-7ff36062c000 rw-p 00000000 00:00 0 
7ff36062c000-7ff364000000 ---p 00000000 00:00 0 
7ff364136000-7ff364149000 r--s 00346000 08:05 4602948                    /usr/lib/jvm/java-8-openjdk-amd64/jre/lib/resources.jar
7ff364149000-7ff364164000 r--s 001d6000 08:05 4602925                    /usr/lib/jvm/java-8-openjdk-amd64/jre/lib/ext/nashorn.jar
7ff364164000-7ff364165000 ---p 00000000 00:00 0 
7ff364165000-7ff364265000 rw-p 00000000 00:00 0 
7ff364265000-7ff364268000 ---p 00000000 00:00 0 
7ff364268000-7ff364366000 rw-p 00000000 00:00 0 
7ff364366000-7ff364369000 ---p 00000000 00:00 0 
7ff364369000-7ff364467000 rw-p 00000000 00:00 0 
7ff364467000-7ff36446a000 ---p 00000000 00:00 0 
7ff36446a000-7ff364568000 rw-p 00000000 00:00 0 
7ff364568000-7ff36456b000 ---p 00000000 00:00 0 
7ff36456b000-7ff364669000 rw-p 00000000 00:00 0 
7ff364669000-7ff36466c000 ---p 00000000 00:00 0 
7ff36466c000-7ff36476a000 rw-p 00000000 00:00 0 
7ff36476a000-7ff364a47000 r--p 00000000 08:05 4590138                    /usr/lib/locale/locale-archive
7ff364a47000-7ff364a4a000 ---p 00000000 00:00 0 
7ff364a4a000-7ff364b48000 rw-p 00000000 00:00 0 
7ff364b48000-7ff364b4b000 ---p 00000000 00:00 0 
7ff364b4b000-7ff364c49000 rw-p 00000000 00:00 0 
7ff364c49000-7ff364c4a000 ---p 00000000 00:00 0 
7ff364c4a000-7ff369000000 rw-p 00000000 00:00 0 
7ff369000000-7ff369270000 rwxp 00000000 00:00 0 
7ff369270000-7ff378000000 ---p 00000000 00:00 0 
7ff378000000-7ff378195000 rw-p 00000000 00:00 0 
7ff378195000-7ff37c000000 ---p 00000000 00:00 0 
7ff37c005000-7ff37c00a000 r--s 002f9000 08:05 4602910                    /usr/lib/jvm/java-8-openjdk-amd64/jre/lib/charsets.jar
7ff37c00a000-7ff37c025000 r--s 00394000 08:05 4602920                    /usr/lib/jvm/java-8-openjdk-amd64/jre/lib/ext/cldrdata.jar
7ff37c025000-7ff37ca00000 rw-p 00000000 00:00 0 
7ff37ca00000-7ff37cbce000 r--s 03c2c000 08:05 4602949                    /usr/lib/jvm/java-8-openjdk-amd64/jre/lib/rt.jar
7ff37cbce000-7ff37d084000 rw-p 00000000 00:00 0 
7ff37d084000-7ff37d444000 ---p 00000000 00:00 0 
7ff37d444000-7ff37d80f000 rw-p 00000000 00:00 0 
7ff37d80f000-7ff37d810000 ---p 00000000 00:00 0 
7ff37d810000-7ff37d910000 rw-p 00000000 00:00 0 
7ff37d910000-7ff37d911000 ---p 00000000 00:00 0 
7ff37d911000-7ff37da11000 rw-p 00000000 00:00 0 
7ff37da11000-7ff37da12000 ---p 00000000 00:00 0 
7ff37da12000-7ff37db12000 rw-p 00000000 00:00 0 
7ff37db12000-7ff37db13000 ---p 00000000 00:00 0 
7ff37db13000-7ff37dc5d000 rw-p 00000000 00:00 0 
7ff37dc5d000-7ff37de9b000 ---p 00000000 00:00 0 
7ff37de9b000-7ff37dee5000 rw-p 00000000 00:00 0 
7ff37dee5000-7ff37e122000 ---p 00000000 00:00 0 
7ff37e122000-7ff37e1c6000 rw-p 00000000 00:00 0 
7ff37e1c6000-7ff37e266000 ---p 00000000 00:00 0 
7ff37e266000-7ff37e271000 rw-p 00000000 00:00 0 
7ff37e271000-7ff37e627000 ---p 00000000 00:00 0 
7ff37e627000-7ff37e62f000 r-xp 00000000 08:05 4602906                    /usr/lib/jvm/java-8-openjdk-amd64/jre/lib/amd64/libzip.so
7ff37e62f000-7ff37e82e000 ---p 00008000 08:05 4602906                    /usr/lib/jvm/java-8-openjdk-amd64/jre/lib/amd64/libzip.so
7ff37e82e000-7ff37e82f000 r--p 00007000 08:05 4602906                    /usr/lib/jvm/java-8-openjdk-amd64/jre/lib/amd64/libzip.so
7ff37e82f000-7ff37e830000 rw-p 00008000 08:05 4602906                    /usr/lib/jvm/java-8-openjdk-amd64/jre/lib/amd64/libzip.so
7ff37e830000-7ff37e83b000 r-xp 00000000 08:05 533489                     /lib/x86_64-linux-gnu/libnss_files-2.26.so
7ff37e83b000-7ff37ea3a000 ---p 0000b000 08:05 533489                     /lib/x86_64-linux-gnu/libnss_files-2.26.so
7ff37ea3a000-7ff37ea3b000 r--p 0000a000 08:05 533489                     /lib/x86_64-linux-gnu/libnss_files-2.26.so
7ff37ea3b000-7ff37ea3c000 rw-p 0000b000 08:05 533489                     /lib/x86_64-linux-gnu/libnss_files-2.26.so
7ff37ea3c000-7ff37ea42000 rw-p 00000000 00:00 0 
7ff37ea42000-7ff37ea4d000 r-xp 00000000 08:05 533491                     /lib/x86_64-linux-gnu/libnss_nis-2.26.so
7ff37ea4d000-7ff37ec4c000 ---p 0000b000 08:05 533491                     /lib/x86_64-linux-gnu/libnss_nis-2.26.so
7ff37ec4c000-7ff37ec4d000 r--p 0000a000 08:05 533491                     /lib/x86_64-linux-gnu/libnss_nis-2.26.so
7ff37ec4d000-7ff37ec4e000 rw-p 0000b000 08:05 533491                     /lib/x86_64-linux-gnu/libnss_nis-2.26.so
7ff37ec4e000-7ff37ec65000 r-xp 00000000 08:05 533486                     /lib/x86_64-linux-gnu/libnsl-2.26.so
7ff37ec65000-7ff37ee64000 ---p 00017000 08:05 533486                     /lib/x86_64-linux-gnu/libnsl-2.26.so
7ff37ee64000-7ff37ee65000 r--p 00016000 08:05 533486                     /lib/x86_64-linux-gnu/libnsl-2.26.so
7ff37ee65000-7ff37ee66000 rw-p 00017000 08:05 533486                     /lib/x86_64-linux-gnu/libnsl-2.26.so
7ff37ee66000-7ff37ee68000 rw-p 00000000 00:00 0 
7ff37ee68000-7ff37ee70000 r-xp 00000000 08:05 533487                     /lib/x86_64-linux-gnu/libnss_compat-2.26.so
7ff37ee70000-7ff37f06f000 ---p 00008000 08:05 533487                     /lib/x86_64-linux-gnu/libnss_compat-2.26.so
7ff37f06f000-7ff37f070000 r--p 00007000 08:05 533487                     /lib/x86_64-linux-gnu/libnss_compat-2.26.so
7ff37f070000-7ff37f071000 rw-p 00008000 08:05 533487                     /lib/x86_64-linux-gnu/libnss_compat-2.26.so
7ff37f071000-7ff37f09f000 r-xp 00000000 08:05 4602887                    /usr/lib/jvm/java-8-openjdk-amd64/jre/lib/amd64/libjava.so
7ff37f09f000-7ff37f29e000 ---p 0002e000 08:05 4602887                    /usr/lib/jvm/java-8-openjdk-amd64/jre/lib/amd64/libjava.so
7ff37f29e000-7ff37f29f000 r--p 0002d000 08:05 4602887                    /usr/lib/jvm/java-8-openjdk-amd64/jre/lib/amd64/libjava.so
7ff37f29f000-7ff37f2a1000 rw-p 0002e000 08:05 4602887                    /usr/lib/jvm/java-8-openjdk-amd64/jre/lib/amd64/libjava.so
7ff37f2a1000-7ff37f2b1000 r-xp 00000000 08:05 4602905                    /usr/lib/jvm/java-8-openjdk-amd64/jre/lib/amd64/libverify.so
7ff37f2b1000-7ff37f4b0000 ---p 00010000 08:05 4602905                    /usr/lib/jvm/java-8-openjdk-amd64/jre/lib/amd64/libverify.so
7ff37f4b0000-7ff37f4b2000 r--p 0000f000 08:05 4602905                    /usr/lib/jvm/java-8-openjdk-amd64/jre/lib/amd64/libverify.so
7ff37f4b2000-7ff37f4b3000 rw-p 00011000 08:05 4602905                    /usr/lib/jvm/java-8-openjdk-amd64/jre/lib/amd64/libverify.so
7ff37f4b3000-7ff37f4ba000 r-xp 00000000 08:05 533496                     /lib/x86_64-linux-gnu/librt-2.26.so
7ff37f4ba000-7ff37f6b9000 ---p 00007000 08:05 533496                     /lib/x86_64-linux-gnu/librt-2.26.so
7ff37f6b9000-7ff37f6ba000 r--p 00006000 08:05 533496                     /lib/x86_64-linux-gnu/librt-2.26.so
7ff37f6ba000-7ff37f6bb000 rw-p 00007000 08:05 533496                     /lib/x86_64-linux-gnu/librt-2.26.so
7ff37f6bb000-7ff37f6d1000 r-xp 00000000 08:05 533474                     /lib/x86_64-linux-gnu/libgcc_s.so.1
7ff37f6d1000-7ff37f8d0000 ---p 00016000 08:05 533474                     /lib/x86_64-linux-gnu/libgcc_s.so.1
7ff37f8d0000-7ff37f8d1000 r--p 00015000 08:05 533474                     /lib/x86_64-linux-gnu/libgcc_s.so.1
7ff37f8d1000-7ff37f8d2000 rw-p 00016000 08:05 533474                     /lib/x86_64-linux-gnu/libgcc_s.so.1
7ff37f8d2000-7ff37fa27000 r-xp 00000000 08:05 533483                     /lib/x86_64-linux-gnu/libm-2.26.so
7ff37fa27000-7ff37fc26000 ---p 00155000 08:05 533483                     /lib/x86_64-linux-gnu/libm-2.26.so
7ff37fc26000-7ff37fc27000 r--p 00154000 08:05 533483                     /lib/x86_64-linux-gnu/libm-2.26.so
7ff37fc27000-7ff37fc28000 rw-p 00155000 08:05 533483                     /lib/x86_64-linux-gnu/libm-2.26.so
7ff37fc28000-7ff37fda0000 r-xp 00000000 08:05 4587706                    /usr/lib/x86_64-linux-gnu/libstdc++.so.6.0.24
7ff37fda0000-7ff37ff9f000 ---p 00178000 08:05 4587706                    /usr/lib/x86_64-linux-gnu/libstdc++.so.6.0.24
7ff37ff9f000-7ff37ffa9000 r--p 00177000 08:05 4587706                    /usr/lib/x86_64-linux-gnu/libstdc++.so.6.0.24
7ff37ffa9000-7ff37ffab000 rw-p 00181000 08:05 4587706                    /usr/lib/x86_64-linux-gnu/libstdc++.so.6.0.24
7ff37ffab000-7ff37ffae000 rw-p 00000000 00:00 0 
7ff37ffae000-7ff380c3e000 r-xp 00000000 08:05 4602909                    /usr/lib/jvm/java-8-openjdk-amd64/jre/lib/amd64/server/libjvm.so
7ff380c3e000-7ff380e3e000 ---p 00c90000 08:05 4602909                    /usr/lib/jvm/java-8-openjdk-amd64/jre/lib/amd64/server/libjvm.so
7ff380e3e000-7ff380ed1000 r--p 00c90000 08:05 4602909                    /usr/lib/jvm/java-8-openjdk-amd64/jre/lib/amd64/server/libjvm.so
7ff380ed1000-7ff380ef9000 rw-p 00d23000 08:05 4602909                    /usr/lib/jvm/java-8-openjdk-amd64/jre/lib/amd64/server/libjvm.so
7ff380ef9000-7ff380f2a000 rw-p 00000000 00:00 0 
7ff380f2a000-7ff380f44000 r-xp 00000000 08:05 533494                     /lib/x86_64-linux-gnu/libpthread-2.26.so
7ff380f44000-7ff381143000 ---p 0001a000 08:05 533494                     /lib/x86_64-linux-gnu/libpthread-2.26.so
7ff381143000-7ff381144000 r--p 00019000 08:05 533494                     /lib/x86_64-linux-gnu/libpthread-2.26.so
7ff381144000-7ff381145000 rw-p 0001a000 08:05 533494                     /lib/x86_64-linux-gnu/libpthread-2.26.so
7ff381145000-7ff381149000 rw-p 00000000 00:00 0 
7ff381149000-7ff38114c000 r-xp 00000000 08:05 533482                     /lib/x86_64-linux-gnu/libdl-2.26.so
7ff38114c000-7ff38134b000 ---p 00003000 08:05 533482                     /lib/x86_64-linux-gnu/libdl-2.26.so
7ff38134b000-7ff38134c000 r--p 00002000 08:05 533482                     /lib/x86_64-linux-gnu/libdl-2.26.so
7ff38134c000-7ff38134d000 rw-p 00003000 08:05 533482                     /lib/x86_64-linux-gnu/libdl-2.26.so
7ff38134d000-7ff381369000 r-xp 00000000 08:05 529065                     /lib/x86_64-linux-gnu/libz.so.1.2.11
7ff381369000-7ff381568000 ---p 0001c000 08:05 529065                     /lib/x86_64-linux-gnu/libz.so.1.2.11
7ff381568000-7ff381569000 r--p 0001b000 08:05 529065                     /lib/x86_64-linux-gnu/libz.so.1.2.11
7ff381569000-7ff38156a000 rw-p 0001c000 08:05 529065                     /lib/x86_64-linux-gnu/libz.so.1.2.11
7ff38156a000-7ff381740000 r-xp 00000000 08:05 533479                     /lib/x86_64-linux-gnu/libc-2.26.so
7ff381740000-7ff381940000 ---p 001d6000 08:05 533479                     /lib/x86_64-linux-gnu/libc-2.26.so
7ff381940000-7ff381944000 r--p 001d6000 08:05 533479                     /lib/x86_64-linux-gnu/libc-2.26.so
7ff381944000-7ff381946000 rw-p 001da000 08:05 533479                     /lib/x86_64-linux-gnu/libc-2.26.so
7ff381946000-7ff38194a000 rw-p 00000000 00:00 0 
7ff38194a000-7ff381958000 r-xp 00000000 08:05 4602873                    /usr/lib/jvm/java-8-openjdk-amd64/jre/lib/amd64/jli/libjli.so
7ff381958000-7ff381b57000 ---p 0000e000 08:05 4602873                    /usr/lib/jvm/java-8-openjdk-amd64/jre/lib/amd64/jli/libjli.so
7ff381b57000-7ff381b58000 r--p 0000d000 08:05 4602873                    /usr/lib/jvm/java-8-openjdk-amd64/jre/lib/amd64/jli/libjli.so
7ff381b58000-7ff381b59000 rw-p 0000e000 08:05 4602873                    /usr/lib/jvm/java-8-openjdk-amd64/jre/lib/amd64/jli/libjli.so
7ff381b59000-7ff381b80000 r-xp 00000000 08:05 533475                     /lib/x86_64-linux-gnu/ld-2.26.so
7ff381b84000-7ff381b87000 r--s 00015000 08:05 4602941                    /usr/lib/jvm/java-8-openjdk-amd64/jre/lib/jce.jar
7ff381b87000-7ff381b8c000 r--s 0009d000 08:05 4602943                    /usr/lib/jvm/java-8-openjdk-amd64/jre/lib/jsse.jar
7ff381b8c000-7ff381b8f000 r--s 0000f000 08:05 4602922                    /usr/lib/jvm/java-8-openjdk-amd64/jre/lib/ext/icedtea-sound.jar
7ff381b8f000-7ff381b99000 r--s 00116000 08:05 4602924                    /usr/lib/jvm/java-8-openjdk-amd64/jre/lib/ext/localedata.jar
7ff381b99000-7ff381c63000 rw-p 00000000 00:00 0 
7ff381c63000-7ff381c66000 ---p 00000000 00:00 0 
7ff381c66000-7ff381d66000 rw-p 00000000 00:00 0 
7ff381d66000-7ff381d69000 r--s 00038000 08:05 4602928                    /usr/lib/jvm/java-8-openjdk-amd64/jre/lib/ext/sunpkcs11.jar
7ff381d69000-7ff381d6a000 r--s 00010000 08:05 4602929                    /usr/lib/jvm/java-8-openjdk-amd64/jre/lib/ext/zipfs.jar
7ff381d6a000-7ff381d6b000 r--s 0000a000 08:05 4602923                    /usr/lib/jvm/java-8-openjdk-amd64/jre/lib/ext/jaccess.jar
7ff381d6b000-7ff381d6d000 r--s 00001000 08:05 4602921                    /usr/lib/jvm/java-8-openjdk-amd64/jre/lib/ext/dnsns.jar
7ff381d6d000-7ff381d6f000 r--s 00008000 08:05 4602926                    /usr/lib/jvm/java-8-openjdk-amd64/jre/lib/ext/sunec.jar
7ff381d6f000-7ff381d74000 r--s 0003b000 08:05 4602927                    /usr/lib/jvm/java-8-openjdk-amd64/jre/lib/ext/sunjce_provider.jar
7ff381d74000-7ff381d7c000 rw-s 00000000 08:05 6429679                    /tmp/hsperfdata_lgcaobianco/22005
7ff381d7c000-7ff381d7d000 rw-p 00000000 00:00 0 
7ff381d7d000-7ff381d7e000 ---p 00000000 00:00 0 
7ff381d7e000-7ff381d80000 rw-p 00000000 00:00 0 
7ff381d80000-7ff381d81000 r--p 00027000 08:05 533475                     /lib/x86_64-linux-gnu/ld-2.26.so
7ff381d81000-7ff381d82000 rw-p 00028000 08:05 533475                     /lib/x86_64-linux-gnu/ld-2.26.so
7ff381d82000-7ff381d83000 rw-p 00000000 00:00 0 
7fffd1c68000-7fffd1c89000 rw-p 00000000 00:00 0                          [stack]
7fffd1daf000-7fffd1db2000 r--p 00000000 00:00 0                          [vvar]
7fffd1db2000-7fffd1db4000 r-xp 00000000 00:00 0                          [vdso]
ffffffffff600000-ffffffffff601000 r-xp 00000000 00:00 0                  [vsyscall]

VM Arguments:
jvm_args: -Dfile.encoding=UTF-8 
java_command: classes.Adaline
java_class_path (initial): /usr/lib/jvm/java-8-openjdk-amd64/jre/lib/resources.jar:/usr/lib/jvm/java-8-openjdk-amd64/jre/lib/rt.jar:/usr/lib/jvm/java-8-openjdk-amd64/jre/lib/jsse.jar:/usr/lib/jvm/java-8-openjdk-amd64/jre/lib/jce.jar:/usr/lib/jvm/java-8-openjdk-amd64/jre/lib/charsets.jar:/usr/lib/jvm/java-8-openjdk-amd64/jre/lib/ext/sunjce_provider.jar:/usr/lib/jvm/java-8-openjdk-amd64/jre/lib/ext/cldrdata.jar:/usr/lib/jvm/java-8-openjdk-amd64/jre/lib/ext/sunec.jar:/usr/lib/jvm/java-8-openjdk-amd64/jre/lib/ext/dnsns.jar:/usr/lib/jvm/java-8-openjdk-amd64/jre/lib/ext/nashorn.jar:/usr/lib/jvm/java-8-openjdk-amd64/jre/lib/ext/localedata.jar:/usr/lib/jvm/java-8-openjdk-amd64/jre/lib/ext/jaccess.jar:/usr/lib/jvm/java-8-openjdk-amd64/jre/lib/ext/zipfs.jar:/usr/lib/jvm/java-8-openjdk-amd64/jre/lib/ext/sunpkcs11.jar:/usr/lib/jvm/java-8-openjdk-amd64/jre/lib/ext/icedtea-sound.jar:/home/lgcaobianco/repositorios/epc-rna/epc2/bin
Launcher Type: SUN_STANDARD

Environment Variables:
PATH=/home/lgcaobianco/bin:/usr/local/sbin:/usr/local/bin:/usr/sbin:/usr/bin:/sbin:/bin:/usr/games:/usr/local/games:/snap/bin
USERNAME=lgcaobianco
SHELL=/bin/bash
DISPLAY=:0

Signal Handlers:
SIGSEGV: [libjvm.so+0xaaafa0], sa_mask[0]=11111111011111111101111111111110, sa_flags=SA_RESTART|SA_SIGINFO
SIGBUS: [libjvm.so+0xaaafa0], sa_mask[0]=11111111011111111101111111111110, sa_flags=SA_RESTART|SA_SIGINFO
SIGFPE: [libjvm.so+0x8e12c0], sa_mask[0]=11111111011111111101111111111110, sa_flags=SA_RESTART|SA_SIGINFO
SIGPIPE: [libjvm.so+0x8e12c0], sa_mask[0]=11111111011111111101111111111110, sa_flags=SA_RESTART|SA_SIGINFO
SIGXFSZ: [libjvm.so+0x8e12c0], sa_mask[0]=11111111011111111101111111111110, sa_flags=SA_RESTART|SA_SIGINFO
SIGILL: [libjvm.so+0x8e12c0], sa_mask[0]=11111111011111111101111111111110, sa_flags=SA_RESTART|SA_SIGINFO
SIGUSR1: SIG_DFL, sa_mask[0]=00000000000000000000000000000000, sa_flags=none
SIGUSR2: [libjvm.so+0x8e1170], sa_mask[0]=00100000000000000000000000000000, sa_flags=SA_RESTART|SA_SIGINFO
SIGHUP: [libjvm.so+0x8e1620], sa_mask[0]=11111111011111111101111111111110, sa_flags=SA_RESTART|SA_SIGINFO
SIGINT: [libjvm.so+0x8e1620], sa_mask[0]=11111111011111111101111111111110, sa_flags=SA_RESTART|SA_SIGINFO
SIGTERM: [libjvm.so+0x8e1620], sa_mask[0]=11111111011111111101111111111110, sa_flags=SA_RESTART|SA_SIGINFO
SIGQUIT: [libjvm.so+0x8e1620], sa_mask[0]=11111111011111111101111111111110, sa_flags=SA_RESTART|SA_SIGINFO


---------------  S Y S T E M  ---------------

OS:DISTRIB_ID=Ubuntu
DISTRIB_RELEASE=17.10
DISTRIB_CODENAME=artful
DISTRIB_DESCRIPTION="Ubuntu 17.10"

uname:Linux 4.13.0-38-generic #43-Ubuntu SMP Wed Mar 14 15:20:44 UTC 2018 x86_64
libc:glibc 2.26 NPTL 2.26 
rlimit: STACK 8192k, CORE 0k, NPROC 30854, NOFILE 1048576, AS infinity
load average:4,71 1,46 0,91

/proc/meminfo:
MemTotal:        7953096 kB
MemFree:          181272 kB
MemAvailable:      84556 kB
Buffers:            1120 kB
Cached:           347664 kB
SwapCached:         2624 kB
Active:          6641248 kB
Inactive:         859044 kB
Active(anon):    6631740 kB
Inactive(anon):   829044 kB
Active(file):       9508 kB
Inactive(file):    30000 kB
Unevictable:        1204 kB
Mlocked:            1204 kB
SwapTotal:       2097148 kB
SwapFree:            604 kB
Dirty:               688 kB
Writeback:             4 kB
AnonPages:       7151024 kB
Mapped:           225916 kB
Shmem:            308612 kB
Slab:             109528 kB
SReclaimable:      47188 kB
SUnreclaim:        62340 kB
KernelStack:       15712 kB
PageTables:        82680 kB
NFS_Unstable:          0 kB
Bounce:                0 kB
WritebackTmp:          0 kB
CommitLimit:     6073696 kB
Committed_AS:   16307348 kB
VmallocTotal:   34359738367 kB
VmallocUsed:           0 kB
VmallocChunk:          0 kB
HardwareCorrupted:     0 kB
AnonHugePages:         0 kB
ShmemHugePages:        0 kB
ShmemPmdMapped:        0 kB
CmaTotal:              0 kB
CmaFree:               0 kB
HugePages_Total:       0
HugePages_Free:        0
HugePages_Rsvd:        0
HugePages_Surp:        0
Hugepagesize:       2048 kB
DirectMap4k:      218488 kB
DirectMap2M:     7952384 kB
DirectMap1G:           0 kB


CPU:total 4 (initial active 4) (2 cores per cpu, 2 threads per core) family 6 model 142 stepping 9, cmov, cx8, fxsr, mmx, sse, sse2, sse3, ssse3, sse4.1, sse4.2, popcnt, avx, avx2, aes, clmul, erms, 3dnowpref, lzcnt, ht, tsc, tscinvbit, bmi1, bmi2, adx

/proc/cpuinfo:
processor	: 0
vendor_id	: GenuineIntel
cpu family	: 6
model		: 142
model name	: Intel(R) Core(TM) i7-7500U CPU @ 2.70GHz
stepping	: 9
microcode	: 0x5e
cpu MHz		: 3499.998
cache size	: 4096 KB
physical id	: 0
siblings	: 4
core id		: 0
cpu cores	: 2
apicid		: 0
initial apicid	: 0
fpu		: yes
fpu_exception	: yes
cpuid level	: 22
wp		: yes
flags		: fpu vme de pse tsc msr pae mce cx8 apic sep mtrr pge mca cmov pat pse36 clflush dts acpi mmx fxsr sse sse2 ss ht tm pbe syscall nx pdpe1gb rdtscp lm constant_tsc art arch_perfmon pebs bts rep_good nopl xtopology nonstop_tsc cpuid aperfmperf tsc_known_freq pni pclmulqdq dtes64 monitor ds_cpl vmx est tm2 ssse3 sdbg fma cx16 xtpr pdcm pcid sse4_1 sse4_2 x2apic movbe popcnt tsc_deadline_timer aes xsave avx f16c rdrand lahf_lm abm 3dnowprefetch cpuid_fault epb invpcid_single pti retpoline intel_pt rsb_ctxsw tpr_shadow vnmi flexpriority ept vpid fsgsbase tsc_adjust bmi1 avx2 smep bmi2 erms invpcid mpx rdseed adx smap clflushopt xsaveopt xsavec xgetbv1 xsaves dtherm ida arat pln pts hwp hwp_notify hwp_act_window hwp_epp
bugs		: cpu_meltdown spectre_v1 spectre_v2
bogomips	: 5808.00
clflush size	: 64
cache_alignment	: 64
address sizes	: 39 bits physical, 48 bits virtual
power management:

processor	: 1
vendor_id	: GenuineIntel
cpu family	: 6
model		: 142
model name	: Intel(R) Core(TM) i7-7500U CPU @ 2.70GHz
stepping	: 9
microcode	: 0x5e
cpu MHz		: 3500.000
cache size	: 4096 KB
physical id	: 0
siblings	: 4
core id		: 1
cpu cores	: 2
apicid		: 2
initial apicid	: 2
fpu		: yes
fpu_exception	: yes
cpuid level	: 22
wp		: yes
flags		: fpu vme de pse tsc msr pae mce cx8 apic sep mtrr pge mca cmov pat pse36 clflush dts acpi mmx fxsr sse sse2 ss ht tm pbe syscall nx pdpe1gb rdtscp lm constant_tsc art arch_perfmon pebs bts rep_good nopl xtopology nonstop_tsc cpuid aperfmperf tsc_known_freq pni pclmulqdq dtes64 monitor ds_cpl vmx est tm2 ssse3 sdbg fma cx16 xtpr pdcm pcid sse4_1 sse4_2 x2apic movbe popcnt tsc_deadline_timer aes xsave avx f16c rdrand lahf_lm abm 3dnowprefetch cpuid_fault epb invpcid_single pti retpoline intel_pt rsb_ctxsw tpr_shadow vnmi flexpriority ept vpid fsgsbase tsc_adjust bmi1 avx2 smep bmi2 erms invpcid mpx rdseed adx smap clflushopt xsaveopt xsavec xgetbv1 xsaves dtherm ida arat pln pts hwp hwp_notify hwp_act_window hwp_epp
bugs		: cpu_meltdown spectre_v1 spectre_v2
bogomips	: 5808.00
clflush size	: 64
cache_alignment	: 64
address sizes	: 39 bits physical, 48 bits virtual
power management:

processor	: 2
vendor_id	: GenuineIntel
cpu family	: 6
model		: 142
model name	: Intel(R) Core(TM) i7-7500U CPU @ 2.70GHz
stepping	: 9
microcode	: 0x5e
cpu MHz		: 3500.000
cache size	: 4096 KB
physical id	: 0
siblings	: 4
core id		: 0
cpu cores	: 2
apicid		: 1
initial apicid	: 1
fpu		: yes
fpu_exception	: yes
cpuid level	: 22
wp		: yes
flags		: fpu vme de pse tsc msr pae mce cx8 apic sep mtrr pge mca cmov pat pse36 clflush dts acpi mmx fxsr sse sse2 ss ht tm pbe syscall nx pdpe1gb rdtscp lm constant_tsc art arch_perfmon pebs bts rep_good nopl xtopology nonstop_tsc cpuid aperfmperf tsc_known_freq pni pclmulqdq dtes64 monitor ds_cpl vmx est tm2 ssse3 sdbg fma cx16 xtpr pdcm pcid sse4_1 sse4_2 x2apic movbe popcnt tsc_deadline_timer aes xsave avx f16c rdrand lahf_lm abm 3dnowprefetch cpuid_fault epb invpcid_single pti retpoline intel_pt rsb_ctxsw tpr_shadow vnmi flexpriority ept vpid fsgsbase tsc_adjust bmi1 avx2 smep bmi2 erms invpcid mpx rdseed adx smap clflushopt xsaveopt xsavec xgetbv1 xsaves dtherm ida arat pln pts hwp hwp_notify hwp_act_window hwp_epp
bugs		: cpu_meltdown spectre_v1 spectre_v2
bogomips	: 5808.00
clflush size	: 64
cache_alignment	: 64
address sizes	: 39 bits physical, 48 bits virtual
power management:

processor	: 3
vendor_id	: GenuineIntel
cpu family	: 6
model		: 142
model name	: Intel(R) Core(TM) i7-7500U CPU @ 2.70GHz
stepping	: 9
microcode	: 0x5e
cpu MHz		: 3500.001
cache size	: 4096 KB
physical id	: 0
siblings	: 4
core id		: 1
cpu cores	: 2
apicid		: 3
initial apicid	: 3
fpu		: yes
fpu_exception	: yes
cpuid level	: 22
wp		: yes
flags		: fpu vme de pse tsc msr pae mce cx8 apic sep mtrr pge mca cmov pat pse36 clflush dts acpi mmx fxsr sse sse2 ss ht tm pbe syscall nx pdpe1gb rdtscp lm constant_tsc art arch_perfmon pebs bts rep_good nopl xtopology nonstop_tsc cpuid aperfmperf tsc_known_freq pni pclmulqdq dtes64 monitor ds_cpl vmx est tm2 ssse3 sdbg fma cx16 xtpr pdcm pcid sse4_1 sse4_2 x2apic movbe popcnt tsc_deadline_timer aes xsave avx f16c rdrand lahf_lm abm 3dnowprefetch cpuid_fault epb invpcid_single pti retpoline intel_pt rsb_ctxsw tpr_shadow vnmi flexpriority ept vpid fsgsbase tsc_adjust bmi1 avx2 smep bmi2 erms invpcid mpx rdseed adx smap clflushopt xsaveopt xsavec xgetbv1 xsaves dtherm ida arat pln pts hwp hwp_notify hwp_act_window hwp_epp
bugs		: cpu_meltdown spectre_v1 spectre_v2
bogomips	: 5808.00
clflush size	: 64
cache_alignment	: 64
address sizes	: 39 bits physical, 48 bits virtual
power management:



Memory: 4k page, physical 7953096k(178296k free), swap 2097148k(824k free)

vm_info: OpenJDK 64-Bit Server VM (25.162-b12) for linux-amd64 JRE (1.8.0_162-8u162-b12-0ubuntu0.17.10.2-b12), built on Mar 13 2018 22:44:51 by "buildd" with gcc 7.2.0

time: Sat Apr 14 17:34:14 2018
elapsed time: 10 seconds (0d 0h 0m 10s)

